{"C:\\Projects\\NEW_IDEAS\\coodesh-dictionary\\src\\components\\index.ts": {"path":"C:\\Projects\\NEW_IDEAS\\coodesh-dictionary\\src\\components\\index.ts","statementMap":{},"fnMap":{},"branchMap":{},"s":{},"f":{},"b":{},"_coverageSchema":"1a1c01bbd47fc00a2c39e90264f33305004495a9","hash":"0c3696fb31a21d4c87b04dc27b63e7ccae68be2a"}
,"C:\\Projects\\NEW_IDEAS\\coodesh-dictionary\\src\\components\\auth\\LogoHeader.tsx": {"path":"C:\\Projects\\NEW_IDEAS\\coodesh-dictionary\\src\\components\\auth\\LogoHeader.tsx","statementMap":{"0":{"start":{"line":7,"column":2},"end":{"line":34,"column":4}}},"fnMap":{"0":{"name":"LogoHeader","decl":{"start":{"line":6,"column":24},"end":{"line":6,"column":34}},"loc":{"start":{"line":6,"column":37},"end":{"line":35,"column":1}},"line":6}},"branchMap":{},"s":{"0":3},"f":{"0":3},"b":{},"_coverageSchema":"1a1c01bbd47fc00a2c39e90264f33305004495a9","hash":"6ee929bddc5179aae3708101dc18c7cfba49f9d3"}
,"C:\\Projects\\NEW_IDEAS\\coodesh-dictionary\\src\\components\\auth\\Modal.tsx": {"path":"C:\\Projects\\NEW_IDEAS\\coodesh-dictionary\\src\\components\\auth\\Modal.tsx","statementMap":{"0":{"start":{"line":10,"column":19},"end":{"line":10,"column":32}},"1":{"start":{"line":11,"column":21},"end":{"line":19,"column":3}},"2":{"start":{"line":12,"column":4},"end":{"line":18,"column":6}},"3":{"start":{"line":20,"column":2},"end":{"line":58,"column":4}}},"fnMap":{"0":{"name":"Modal","decl":{"start":{"line":9,"column":24},"end":{"line":9,"column":29}},"loc":{"start":{"line":9,"column":69},"end":{"line":59,"column":1}},"line":9},"1":{"name":"(anonymous_1)","decl":{"start":{"line":11,"column":21},"end":{"line":11,"column":22}},"loc":{"start":{"line":11,"column":27},"end":{"line":19,"column":3}},"line":11}},"branchMap":{"0":{"loc":{"start":{"line":25,"column":18},"end":{"line":25,"column":66}},"type":"cond-expr","locations":[{"start":{"line":25,"column":37},"end":{"line":25,"column":49}},{"start":{"line":25,"column":52},"end":{"line":25,"column":66}}],"line":25},"1":{"loc":{"start":{"line":28,"column":19},"end":{"line":28,"column":63}},"type":"cond-expr","locations":[{"start":{"line":28,"column":40},"end":{"line":28,"column":51}},{"start":{"line":28,"column":54},"end":{"line":28,"column":63}}],"line":28},"2":{"loc":{"start":{"line":33,"column":18},"end":{"line":35,"column":44}},"type":"cond-expr","locations":[{"start":{"line":34,"column":22},"end":{"line":34,"column":48}},{"start":{"line":35,"column":22},"end":{"line":35,"column":44}}],"line":33},"3":{"loc":{"start":{"line":43,"column":19},"end":{"line":43,"column":63}},"type":"cond-expr","locations":[{"start":{"line":43,"column":40},"end":{"line":43,"column":51}},{"start":{"line":43,"column":54},"end":{"line":43,"column":63}}],"line":43},"4":{"loc":{"start":{"line":47,"column":13},"end":{"line":47,"column":65}},"type":"cond-expr","locations":[{"start":{"line":47,"column":34},"end":{"line":47,"column":44}},{"start":{"line":47,"column":47},"end":{"line":47,"column":65}}],"line":47}},"s":{"0":4,"1":4,"2":0,"3":4},"f":{"0":4,"1":0},"b":{"0":[1,3],"1":[3,1],"2":[3,1],"3":[3,1],"4":[3,1]},"_coverageSchema":"1a1c01bbd47fc00a2c39e90264f33305004495a9","hash":"24bf807eaaa3fa2495d4d4774b350e71f7e33368"}
,"C:\\Projects\\NEW_IDEAS\\coodesh-dictionary\\src\\components\\basic\\Button.tsx": {"path":"C:\\Projects\\NEW_IDEAS\\coodesh-dictionary\\src\\components\\basic\\Button.tsx","statementMap":{"0":{"start":{"line":11,"column":2},"end":{"line":49,"column":4}}},"fnMap":{"0":{"name":"Button","decl":{"start":{"line":5,"column":24},"end":{"line":5,"column":30}},"loc":{"start":{"line":10,"column":16},"end":{"line":50,"column":1}},"line":10}},"branchMap":{"0":{"loc":{"start":{"line":37,"column":14},"end":{"line":37,"column":49}},"type":"cond-expr","locations":[{"start":{"line":37,"column":26},"end":{"line":37,"column":33}},{"start":{"line":37,"column":36},"end":{"line":37,"column":49}}],"line":37},"1":{"loc":{"start":{"line":40,"column":19},"end":{"line":40,"column":54}},"type":"cond-expr","locations":[{"start":{"line":40,"column":31},"end":{"line":40,"column":44}},{"start":{"line":40,"column":47},"end":{"line":40,"column":54}}],"line":40}},"s":{"0":8},"f":{"0":8},"b":{"0":[0,8],"1":[0,8]},"_coverageSchema":"1a1c01bbd47fc00a2c39e90264f33305004495a9","hash":"8023d5dcd0164445c9148742ecc3b4a3c715323b"}
,"C:\\Projects\\NEW_IDEAS\\coodesh-dictionary\\src\\components\\basic\\Input.tsx": {"path":"C:\\Projects\\NEW_IDEAS\\coodesh-dictionary\\src\\components\\basic\\Input.tsx","statementMap":{"0":{"start":{"line":5,"column":2},"end":{"line":24,"column":4}}},"fnMap":{"0":{"name":"Input","decl":{"start":{"line":4,"column":24},"end":{"line":4,"column":29}},"loc":{"start":{"line":4,"column":50},"end":{"line":25,"column":1}},"line":4}},"branchMap":{},"s":{"0":0},"f":{"0":0},"b":{},"_coverageSchema":"1a1c01bbd47fc00a2c39e90264f33305004495a9","hash":"bcf642e28a2d2ea2e552e8b19bae2130073d243b"}
,"C:\\Projects\\NEW_IDEAS\\coodesh-dictionary\\src\\components\\basic\\Text.tsx": {"path":"C:\\Projects\\NEW_IDEAS\\coodesh-dictionary\\src\\components\\basic\\Text.tsx","statementMap":{"0":{"start":{"line":6,"column":2},"end":{"line":21,"column":4}}},"fnMap":{"0":{"name":"Text","decl":{"start":{"line":5,"column":24},"end":{"line":5,"column":28}},"loc":{"start":{"line":5,"column":47},"end":{"line":22,"column":1}},"line":5}},"branchMap":{"0":{"loc":{"start":{"line":14,"column":8},"end":{"line":18,"column":24}},"type":"cond-expr","locations":[{"start":{"line":15,"column":12},"end":{"line":15,"column":22}},{"start":{"line":16,"column":12},"end":{"line":18,"column":24}}],"line":14},"1":{"loc":{"start":{"line":16,"column":12},"end":{"line":18,"column":24}},"type":"cond-expr","locations":[{"start":{"line":17,"column":12},"end":{"line":17,"column":23}},{"start":{"line":18,"column":12},"end":{"line":18,"column":24}}],"line":16}},"s":{"0":31},"f":{"0":31},"b":{"0":[19,12],"1":[0,12]},"_coverageSchema":"1a1c01bbd47fc00a2c39e90264f33305004495a9","hash":"0ceb69d2b79c4ea7a5d21ac64dfd9cb71c7f293a"}
,"C:\\Projects\\NEW_IDEAS\\coodesh-dictionary\\src\\components\\common\\Loading.tsx": {"path":"C:\\Projects\\NEW_IDEAS\\coodesh-dictionary\\src\\components\\common\\Loading.tsx","statementMap":{"0":{"start":{"line":5,"column":21},"end":{"line":5,"column":31}},"1":{"start":{"line":6,"column":2},"end":{"line":20,"column":4}}},"fnMap":{"0":{"name":"Loading","decl":{"start":{"line":4,"column":24},"end":{"line":4,"column":31}},"loc":{"start":{"line":4,"column":34},"end":{"line":21,"column":1}},"line":4}},"branchMap":{},"s":{"0":2,"1":2},"f":{"0":2},"b":{},"_coverageSchema":"1a1c01bbd47fc00a2c39e90264f33305004495a9","hash":"342b54792db158d693889cf4583a7e0905163419"}
,"C:\\Projects\\NEW_IDEAS\\coodesh-dictionary\\src\\components\\common\\LoadingMini.tsx": {"path":"C:\\Projects\\NEW_IDEAS\\coodesh-dictionary\\src\\components\\common\\LoadingMini.tsx","statementMap":{"0":{"start":{"line":5,"column":21},"end":{"line":5,"column":31}},"1":{"start":{"line":6,"column":2},"end":{"line":13,"column":4}}},"fnMap":{"0":{"name":"LoadingMini","decl":{"start":{"line":4,"column":24},"end":{"line":4,"column":35}},"loc":{"start":{"line":4,"column":38},"end":{"line":14,"column":1}},"line":4}},"branchMap":{},"s":{"0":0,"1":0},"f":{"0":0},"b":{},"_coverageSchema":"1a1c01bbd47fc00a2c39e90264f33305004495a9","hash":"1433e48fdfd4b5cf0f55d82bfe9436b6b142c4c6"}
,"C:\\Projects\\NEW_IDEAS\\coodesh-dictionary\\src\\components\\common\\NoContent.tsx": {"path":"C:\\Projects\\NEW_IDEAS\\coodesh-dictionary\\src\\components\\common\\NoContent.tsx","statementMap":{"0":{"start":{"line":7,"column":2},"end":{"line":23,"column":4}}},"fnMap":{"0":{"name":"NoContent","decl":{"start":{"line":6,"column":24},"end":{"line":6,"column":33}},"loc":{"start":{"line":6,"column":60},"end":{"line":24,"column":1}},"line":6}},"branchMap":{},"s":{"0":0},"f":{"0":0},"b":{},"_coverageSchema":"1a1c01bbd47fc00a2c39e90264f33305004495a9","hash":"0b2358905c66d7f4712f01eaf5e9aeed1958e593"}
,"C:\\Projects\\NEW_IDEAS\\coodesh-dictionary\\src\\components\\common\\PageHeader.tsx": {"path":"C:\\Projects\\NEW_IDEAS\\coodesh-dictionary\\src\\components\\common\\PageHeader.tsx","statementMap":{"0":{"start":{"line":9,"column":26},"end":{"line":9,"column":66}},"1":{"start":{"line":9,"column":52},"end":{"line":9,"column":65}},"2":{"start":{"line":10,"column":19},"end":{"line":10,"column":35}},"3":{"start":{"line":11,"column":23},"end":{"line":13,"column":3}},"4":{"start":{"line":12,"column":4},"end":{"line":12,"column":29}},"5":{"start":{"line":14,"column":2},"end":{"line":59,"column":4}}},"fnMap":{"0":{"name":"PageHeader","decl":{"start":{"line":8,"column":24},"end":{"line":8,"column":34}},"loc":{"start":{"line":8,"column":37},"end":{"line":60,"column":1}},"line":8},"1":{"name":"(anonymous_1)","decl":{"start":{"line":9,"column":41},"end":{"line":9,"column":42}},"loc":{"start":{"line":9,"column":52},"end":{"line":9,"column":65}},"line":9},"2":{"name":"(anonymous_2)","decl":{"start":{"line":11,"column":23},"end":{"line":11,"column":24}},"loc":{"start":{"line":11,"column":29},"end":{"line":13,"column":3}},"line":11}},"branchMap":{},"s":{"0":0,"1":0,"2":0,"3":0,"4":0,"5":0},"f":{"0":0,"1":0,"2":0},"b":{},"_coverageSchema":"1a1c01bbd47fc00a2c39e90264f33305004495a9","hash":"b3ca547fefd587de03fad87339961513a7bf01f1"}
,"C:\\Projects\\NEW_IDEAS\\coodesh-dictionary\\src\\components\\common\\WordFlatList.tsx": {"path":"C:\\Projects\\NEW_IDEAS\\coodesh-dictionary\\src\\components\\common\\WordFlatList.tsx","statementMap":{"0":{"start":{"line":10,"column":19},"end":{"line":10,"column":35}},"1":{"start":{"line":11,"column":23},"end":{"line":11,"column":41}},"2":{"start":{"line":13,"column":30},"end":{"line":15,"column":3}},"3":{"start":{"line":14,"column":4},"end":{"line":14,"column":34}},"4":{"start":{"line":17,"column":2},"end":{"line":52,"column":4}},"5":{"start":{"line":28,"column":8},"end":{"line":30,"column":9}},"6":{"start":{"line":29,"column":10},"end":{"line":29,"column":52}},"7":{"start":{"line":33,"column":8},"end":{"line":49,"column":17}},"8":{"start":{"line":40,"column":29},"end":{"line":40,"column":54}}},"fnMap":{"0":{"name":"WordFlatList","decl":{"start":{"line":9,"column":9},"end":{"line":9,"column":21}},"loc":{"start":{"line":9,"column":65},"end":{"line":53,"column":1}},"line":9},"1":{"name":"(anonymous_1)","decl":{"start":{"line":13,"column":30},"end":{"line":13,"column":31}},"loc":{"start":{"line":13,"column":48},"end":{"line":15,"column":3}},"line":13},"2":{"name":"(anonymous_2)","decl":{"start":{"line":27,"column":20},"end":{"line":27,"column":21}},"loc":{"start":{"line":27,"column":26},"end":{"line":31,"column":7}},"line":27},"3":{"name":"(anonymous_3)","decl":{"start":{"line":32,"column":18},"end":{"line":32,"column":19}},"loc":{"start":{"line":33,"column":8},"end":{"line":49,"column":17}},"line":33},"4":{"name":"(anonymous_4)","decl":{"start":{"line":40,"column":23},"end":{"line":40,"column":24}},"loc":{"start":{"line":40,"column":29},"end":{"line":40,"column":54}},"line":40}},"branchMap":{"0":{"loc":{"start":{"line":28,"column":8},"end":{"line":30,"column":9}},"type":"if","locations":[{"start":{"line":28,"column":8},"end":{"line":30,"column":9}},{"start":{},"end":{}}],"line":28},"1":{"loc":{"start":{"line":33,"column":36},"end":{"line":33,"column":59}},"type":"cond-expr","locations":[{"start":{"line":33,"column":54},"end":{"line":33,"column":55}},{"start":{"line":33,"column":58},"end":{"line":33,"column":59}}],"line":33},"2":{"loc":{"start":{"line":34,"column":11},"end":{"line":48,"column":11}},"type":"binary-expr","locations":[{"start":{"line":34,"column":11},"end":{"line":34,"column":26}},{"start":{"line":35,"column":12},"end":{"line":47,"column":24}}],"line":34}},"s":{"0":0,"1":0,"2":0,"3":0,"4":0,"5":0,"6":0,"7":0,"8":0},"f":{"0":0,"1":0,"2":0,"3":0,"4":0},"b":{"0":[0,0],"1":[0,0],"2":[0,0]},"_coverageSchema":"1a1c01bbd47fc00a2c39e90264f33305004495a9","hash":"3ed5797ed699df565fa518d266b3c0b9862abf79"}
,"C:\\Projects\\NEW_IDEAS\\coodesh-dictionary\\src\\components\\details\\AudioPlayer.tsx": {"path":"C:\\Projects\\NEW_IDEAS\\coodesh-dictionary\\src\\components\\details\\AudioPlayer.tsx","statementMap":{"0":{"start":{"line":8,"column":20},"end":{"line":17,"column":3}},"1":{"start":{"line":9,"column":4},"end":{"line":16,"column":5}},"2":{"start":{"line":10,"column":24},"end":{"line":10,"column":69}},"3":{"start":{"line":11,"column":6},"end":{"line":11,"column":30}},"4":{"start":{"line":13,"column":6},"end":{"line":15,"column":9}},"5":{"start":{"line":18,"column":2},"end":{"line":36,"column":4}}},"fnMap":{"0":{"name":"AudioPlayer","decl":{"start":{"line":7,"column":24},"end":{"line":7,"column":35}},"loc":{"start":{"line":7,"column":71},"end":{"line":37,"column":1}},"line":7},"1":{"name":"(anonymous_1)","decl":{"start":{"line":8,"column":20},"end":{"line":8,"column":21}},"loc":{"start":{"line":8,"column":32},"end":{"line":17,"column":3}},"line":8}},"branchMap":{"0":{"loc":{"start":{"line":9,"column":4},"end":{"line":16,"column":5}},"type":"if","locations":[{"start":{"line":9,"column":4},"end":{"line":16,"column":5}},{"start":{"line":12,"column":11},"end":{"line":16,"column":5}}],"line":9}},"s":{"0":0,"1":0,"2":0,"3":0,"4":0,"5":0},"f":{"0":0,"1":0},"b":{"0":[0,0]},"_coverageSchema":"1a1c01bbd47fc00a2c39e90264f33305004495a9","hash":"69679403e25bc2ec32f780c48b3761310e2443e1"}
,"C:\\Projects\\NEW_IDEAS\\coodesh-dictionary\\src\\components\\details\\DetailsHeader.tsx": {"path":"C:\\Projects\\NEW_IDEAS\\coodesh-dictionary\\src\\components\\details\\DetailsHeader.tsx","statementMap":{"0":{"start":{"line":10,"column":21},"end":{"line":10,"column":39}},"1":{"start":{"line":11,"column":24},"end":{"line":11,"column":55}},"2":{"start":{"line":12,"column":19},"end":{"line":12,"column":35}},"3":{"start":{"line":14,"column":28},"end":{"line":21,"column":3}},"4":{"start":{"line":15,"column":4},"end":{"line":20,"column":6}},"5":{"start":{"line":18,"column":50},"end":{"line":18,"column":63}},"6":{"start":{"line":22,"column":2},"end":{"line":91,"column":4}},"7":{"start":{"line":81,"column":45},"end":{"line":81,"column":57}}},"fnMap":{"0":{"name":"DetailsHeader","decl":{"start":{"line":9,"column":24},"end":{"line":9,"column":37}},"loc":{"start":{"line":9,"column":68},"end":{"line":92,"column":1}},"line":9},"1":{"name":"(anonymous_1)","decl":{"start":{"line":14,"column":28},"end":{"line":14,"column":29}},"loc":{"start":{"line":14,"column":34},"end":{"line":21,"column":3}},"line":14},"2":{"name":"(anonymous_2)","decl":{"start":{"line":18,"column":40},"end":{"line":18,"column":41}},"loc":{"start":{"line":18,"column":50},"end":{"line":18,"column":63}},"line":18},"3":{"name":"(anonymous_3)","decl":{"start":{"line":81,"column":36},"end":{"line":81,"column":37}},"loc":{"start":{"line":81,"column":45},"end":{"line":81,"column":57}},"line":81}},"branchMap":{"0":{"loc":{"start":{"line":81,"column":16},"end":{"line":83,"column":27}},"type":"cond-expr","locations":[{"start":{"line":82,"column":20},"end":{"line":82,"column":26}},{"start":{"line":83,"column":20},"end":{"line":83,"column":27}}],"line":81}},"s":{"0":0,"1":0,"2":0,"3":0,"4":0,"5":0,"6":0,"7":0},"f":{"0":0,"1":0,"2":0,"3":0},"b":{"0":[0,0]},"_coverageSchema":"1a1c01bbd47fc00a2c39e90264f33305004495a9","hash":"3565e084af329faae5040e9eedf9a847d2548e46"}
,"C:\\Projects\\NEW_IDEAS\\coodesh-dictionary\\src\\components\\details\\ExamplesCard.tsx": {"path":"C:\\Projects\\NEW_IDEAS\\coodesh-dictionary\\src\\components\\details\\ExamplesCard.tsx","statementMap":{"0":{"start":{"line":6,"column":2},"end":{"line":15,"column":4}},"1":{"start":{"line":12,"column":8},"end":{"line":12,"column":80}}},"fnMap":{"0":{"name":"ExamplesCard","decl":{"start":{"line":5,"column":24},"end":{"line":5,"column":36}},"loc":{"start":{"line":5,"column":70},"end":{"line":16,"column":1}},"line":5},"1":{"name":"(anonymous_1)","decl":{"start":{"line":11,"column":20},"end":{"line":11,"column":21}},"loc":{"start":{"line":12,"column":8},"end":{"line":12,"column":80}},"line":12}},"branchMap":{},"s":{"0":0,"1":0},"f":{"0":0,"1":0},"b":{},"_coverageSchema":"1a1c01bbd47fc00a2c39e90264f33305004495a9","hash":"b904fad0c62d17e0cf28c57a770df6e854089cbe"}
,"C:\\Projects\\NEW_IDEAS\\coodesh-dictionary\\src\\components\\details\\MeaningCard.tsx": {"path":"C:\\Projects\\NEW_IDEAS\\coodesh-dictionary\\src\\components\\details\\MeaningCard.tsx","statementMap":{"0":{"start":{"line":7,"column":19},"end":{"line":10,"column":27}},"1":{"start":{"line":8,"column":22},"end":{"line":8,"column":67}},"2":{"start":{"line":8,"column":55},"end":{"line":8,"column":66}},"3":{"start":{"line":10,"column":22},"end":{"line":10,"column":26}},"4":{"start":{"line":12,"column":2},"end":{"line":29,"column":4}},"5":{"start":{"line":18,"column":8},"end":{"line":25,"column":17}},"6":{"start":{"line":23,"column":12},"end":{"line":23,"column":78}}},"fnMap":{"0":{"name":"MeaningCard","decl":{"start":{"line":6,"column":24},"end":{"line":6,"column":35}},"loc":{"start":{"line":6,"column":68},"end":{"line":30,"column":1}},"line":6},"1":{"name":"(anonymous_1)","decl":{"start":{"line":8,"column":9},"end":{"line":8,"column":10}},"loc":{"start":{"line":8,"column":22},"end":{"line":8,"column":67}},"line":8},"2":{"name":"(anonymous_2)","decl":{"start":{"line":8,"column":46},"end":{"line":8,"column":47}},"loc":{"start":{"line":8,"column":55},"end":{"line":8,"column":66}},"line":8},"3":{"name":"(anonymous_3)","decl":{"start":{"line":10,"column":12},"end":{"line":10,"column":13}},"loc":{"start":{"line":10,"column":22},"end":{"line":10,"column":26}},"line":10},"4":{"name":"(anonymous_4)","decl":{"start":{"line":17,"column":20},"end":{"line":17,"column":21}},"loc":{"start":{"line":18,"column":8},"end":{"line":25,"column":17}},"line":18},"5":{"name":"(anonymous_5)","decl":{"start":{"line":22,"column":35},"end":{"line":22,"column":36}},"loc":{"start":{"line":23,"column":12},"end":{"line":23,"column":78}},"line":23}},"branchMap":{"0":{"loc":{"start":{"line":27,"column":7},"end":{"line":27,"column":67}},"type":"binary-expr","locations":[{"start":{"line":27,"column":7},"end":{"line":27,"column":27}},{"start":{"line":27,"column":31},"end":{"line":27,"column":67}}],"line":27}},"s":{"0":0,"1":0,"2":0,"3":0,"4":0,"5":0,"6":0},"f":{"0":0,"1":0,"2":0,"3":0,"4":0,"5":0},"b":{"0":[0,0]},"_coverageSchema":"1a1c01bbd47fc00a2c39e90264f33305004495a9","hash":"52f0aa3cf114d7e38ca6e88712ae19b6be808017"}
,"C:\\Projects\\NEW_IDEAS\\coodesh-dictionary\\src\\components\\details\\WordAndPhoneticCard.tsx": {"path":"C:\\Projects\\NEW_IDEAS\\coodesh-dictionary\\src\\components\\details\\WordAndPhoneticCard.tsx","statementMap":{"0":{"start":{"line":11,"column":2},"end":{"line":60,"column":4}},"1":{"start":{"line":35,"column":12},"end":{"line":39,"column":21}},"2":{"start":{"line":46,"column":35},"end":{"line":46,"column":67}},"3":{"start":{"line":51,"column":35},"end":{"line":51,"column":67}}},"fnMap":{"0":{"name":"WordAndPhoneticCard","decl":{"start":{"line":6,"column":24},"end":{"line":6,"column":43}},"loc":{"start":{"line":10,"column":29},"end":{"line":61,"column":1}},"line":10},"1":{"name":"(anonymous_1)","decl":{"start":{"line":34,"column":24},"end":{"line":34,"column":25}},"loc":{"start":{"line":35,"column":12},"end":{"line":39,"column":21}},"line":35},"2":{"name":"(anonymous_2)","decl":{"start":{"line":46,"column":27},"end":{"line":46,"column":28}},"loc":{"start":{"line":46,"column":35},"end":{"line":46,"column":67}},"line":46},"3":{"name":"(anonymous_3)","decl":{"start":{"line":51,"column":27},"end":{"line":51,"column":28}},"loc":{"start":{"line":51,"column":35},"end":{"line":51,"column":67}},"line":51}},"branchMap":{"0":{"loc":{"start":{"line":28,"column":9},"end":{"line":41,"column":9}},"type":"cond-expr","locations":[{"start":{"line":29,"column":10},"end":{"line":31,"column":17}},{"start":{"line":33,"column":10},"end":{"line":40,"column":12}}],"line":28},"1":{"loc":{"start":{"line":28,"column":9},"end":{"line":28,"column":41}},"type":"binary-expr","locations":[{"start":{"line":28,"column":9},"end":{"line":28,"column":17}},{"start":{"line":28,"column":21},"end":{"line":28,"column":41}}],"line":28},"2":{"loc":{"start":{"line":33,"column":10},"end":{"line":40,"column":12}},"type":"binary-expr","locations":[{"start":{"line":33,"column":10},"end":{"line":33,"column":31}},{"start":{"line":34,"column":10},"end":{"line":40,"column":12}}],"line":33},"3":{"loc":{"start":{"line":43,"column":7},"end":{"line":55,"column":7}},"type":"binary-expr","locations":[{"start":{"line":43,"column":7},"end":{"line":43,"column":28}},{"start":{"line":44,"column":8},"end":{"line":54,"column":10}}],"line":43},"4":{"loc":{"start":{"line":46,"column":12},"end":{"line":48,"column":23}},"type":"cond-expr","locations":[{"start":{"line":47,"column":16},"end":{"line":47,"column":21}},{"start":{"line":48,"column":16},"end":{"line":48,"column":23}}],"line":46},"5":{"loc":{"start":{"line":46,"column":35},"end":{"line":46,"column":67}},"type":"binary-expr","locations":[{"start":{"line":46,"column":35},"end":{"line":46,"column":43}},{"start":{"line":46,"column":47},"end":{"line":46,"column":67}}],"line":46},"6":{"loc":{"start":{"line":51,"column":12},"end":{"line":52,"column":16}},"type":"binary-expr","locations":[{"start":{"line":51,"column":12},"end":{"line":51,"column":75}},{"start":{"line":52,"column":12},"end":{"line":52,"column":16}}],"line":51},"7":{"loc":{"start":{"line":51,"column":35},"end":{"line":51,"column":67}},"type":"binary-expr","locations":[{"start":{"line":51,"column":35},"end":{"line":51,"column":43}},{"start":{"line":51,"column":47},"end":{"line":51,"column":67}}],"line":51},"8":{"loc":{"start":{"line":56,"column":7},"end":{"line":58,"column":7}},"type":"binary-expr","locations":[{"start":{"line":56,"column":7},"end":{"line":56,"column":25}},{"start":{"line":56,"column":29},"end":{"line":56,"column":38}},{"start":{"line":57,"column":8},"end":{"line":57,"column":51}}],"line":56}},"s":{"0":0,"1":0,"2":0,"3":0},"f":{"0":0,"1":0,"2":0,"3":0},"b":{"0":[0,0],"1":[0,0],"2":[0,0],"3":[0,0],"4":[0,0],"5":[0,0],"6":[0,0],"7":[0,0],"8":[0,0,0]},"_coverageSchema":"1a1c01bbd47fc00a2c39e90264f33305004495a9","hash":"4ec0c0da81d5cec1be5a7d59e9dff056d4b7f384"}
,"C:\\Projects\\NEW_IDEAS\\coodesh-dictionary\\src\\config\\Provider.tsx": {"path":"C:\\Projects\\NEW_IDEAS\\coodesh-dictionary\\src\\config\\Provider.tsx","statementMap":{"0":{"start":{"line":10,"column":16},"end":{"line":13,"column":3}},"1":{"start":{"line":15,"column":2},"end":{"line":19,"column":4}}},"fnMap":{"0":{"name":"Provider","decl":{"start":{"line":5,"column":24},"end":{"line":5,"column":32}},"loc":{"start":{"line":9,"column":3},"end":{"line":20,"column":1}},"line":9}},"branchMap":{},"s":{"0":14,"1":14},"f":{"0":14},"b":{},"_coverageSchema":"1a1c01bbd47fc00a2c39e90264f33305004495a9","hash":"07fea3126399b93a5e834d4b9dcababc8bba15f0"}
,"C:\\Projects\\NEW_IDEAS\\coodesh-dictionary\\src\\config\\axios.ts": {"path":"C:\\Projects\\NEW_IDEAS\\coodesh-dictionary\\src\\config\\axios.ts","statementMap":{"0":{"start":{"line":4,"column":2},"end":{"line":4,"column":52}},"1":{"start":{"line":6,"column":28},"end":{"line":18,"column":1}},"2":{"start":{"line":7,"column":2},"end":{"line":17,"column":3}},"3":{"start":{"line":8,"column":21},"end":{"line":12,"column":6}},"4":{"start":{"line":13,"column":4},"end":{"line":13,"column":25}},"5":{"start":{"line":15,"column":4},"end":{"line":15,"column":39}},"6":{"start":{"line":16,"column":4},"end":{"line":16,"column":16}}},"fnMap":{"0":{"name":"(anonymous_0)","decl":{"start":{"line":6,"column":28},"end":{"line":6,"column":29}},"loc":{"start":{"line":6,"column":51},"end":{"line":18,"column":1}},"line":6}},"branchMap":{},"s":{"0":4,"1":4,"2":0,"3":0,"4":0,"5":0,"6":0},"f":{"0":0},"b":{},"_coverageSchema":"1a1c01bbd47fc00a2c39e90264f33305004495a9","hash":"24cca968e5d264bf93f6dc97b6c62f3040216bbe"}
,"C:\\Projects\\NEW_IDEAS\\coodesh-dictionary\\src\\config\\firebase.ts": {"path":"C:\\Projects\\NEW_IDEAS\\coodesh-dictionary\\src\\config\\firebase.ts","statementMap":{"0":{"start":{"line":11,"column":23},"end":{"line":18,"column":1}},"1":{"start":{"line":22,"column":0},"end":{"line":30,"column":1}},"2":{"start":{"line":23,"column":2},"end":{"line":23,"column":38}},"3":{"start":{"line":24,"column":2},"end":{"line":26,"column":5}},"4":{"start":{"line":28,"column":2},"end":{"line":28,"column":17}},"5":{"start":{"line":29,"column":2},"end":{"line":29,"column":19}},"6":{"start":{"line":32,"column":16},"end":{"line":32,"column":31}},"7":{"start":{"line":33,"column":11},"end":{"line":33,"column":28}}},"fnMap":{},"branchMap":{"0":{"loc":{"start":{"line":22,"column":0},"end":{"line":30,"column":1}},"type":"if","locations":[{"start":{"line":22,"column":0},"end":{"line":30,"column":1}},{"start":{"line":27,"column":7},"end":{"line":30,"column":1}}],"line":22}},"s":{"0":4,"1":4,"2":4,"3":4,"4":0,"5":0,"6":4,"7":4},"f":{},"b":{"0":[4,0]},"_coverageSchema":"1a1c01bbd47fc00a2c39e90264f33305004495a9","hash":"4b955c1d4985f39b5d44f99a979b67b001f2ac91"}
,"C:\\Projects\\NEW_IDEAS\\coodesh-dictionary\\src\\config\\theme.ts": {"path":"C:\\Projects\\NEW_IDEAS\\coodesh-dictionary\\src\\config\\theme.ts","statementMap":{"0":{"start":{"line":4,"column":39},"end":{"line":4,"column":63}},"1":{"start":{"line":22,"column":21},"end":{"line":26,"column":1}}},"fnMap":{},"branchMap":{},"s":{"0":4,"1":4},"f":{},"b":{},"_coverageSchema":"1a1c01bbd47fc00a2c39e90264f33305004495a9","hash":"ada5232916f01aaddfab6058f7007281a9f3146d"}
,"C:\\Projects\\NEW_IDEAS\\coodesh-dictionary\\src\\hooks\\index.ts": {"path":"C:\\Projects\\NEW_IDEAS\\coodesh-dictionary\\src\\hooks\\index.ts","statementMap":{"0":{"start":{"line":4,"column":32},"end":{"line":4,"column":68}},"1":{"start":{"line":4,"column":38},"end":{"line":4,"column":68}}},"fnMap":{"0":{"name":"(anonymous_0)","decl":{"start":{"line":4,"column":32},"end":{"line":4,"column":33}},"loc":{"start":{"line":4,"column":38},"end":{"line":4,"column":68}},"line":4}},"branchMap":{},"s":{"0":4,"1":0},"f":{"0":0},"b":{},"_coverageSchema":"1a1c01bbd47fc00a2c39e90264f33305004495a9","hash":"0def6b9fcaaa5ee8ae5a6f70a5e4d8f9cb438a06"}
,"C:\\Projects\\NEW_IDEAS\\coodesh-dictionary\\src\\hooks\\redux.ts": {"path":"C:\\Projects\\NEW_IDEAS\\coodesh-dictionary\\src\\hooks\\redux.ts","statementMap":{"0":{"start":{"line":5,"column":49},"end":{"line":5,"column":60}},"1":{"start":{"line":6,"column":63},"end":{"line":6,"column":74}}},"fnMap":{},"branchMap":{},"s":{"0":4,"1":4},"f":{},"b":{},"_coverageSchema":"1a1c01bbd47fc00a2c39e90264f33305004495a9","hash":"91a48f9db8123c57bd56c77a51b8d63c412e0b0d"}
,"C:\\Projects\\NEW_IDEAS\\coodesh-dictionary\\src\\redux\\index.ts": {"path":"C:\\Projects\\NEW_IDEAS\\coodesh-dictionary\\src\\redux\\index.ts","statementMap":{"0":{"start":{"line":6,"column":21},"end":{"line":12,"column":2}}},"fnMap":{},"branchMap":{},"s":{"0":4},"f":{},"b":{},"_coverageSchema":"1a1c01bbd47fc00a2c39e90264f33305004495a9","hash":"0b164fef4ab528171cd9577c20c96658986e6f90"}
,"C:\\Projects\\NEW_IDEAS\\coodesh-dictionary\\src\\redux\\actions\\account.ts": {"path":"C:\\Projects\\NEW_IDEAS\\coodesh-dictionary\\src\\redux\\actions\\account.ts","statementMap":{"0":{"start":{"line":12,"column":32},"end":{"line":33,"column":1}},"1":{"start":{"line":15,"column":28},"end":{"line":15,"column":70}},"2":{"start":{"line":16,"column":4},"end":{"line":31,"column":5}},"3":{"start":{"line":17,"column":6},"end":{"line":17,"column":42}},"4":{"start":{"line":18,"column":6},"end":{"line":27,"column":7}},"5":{"start":{"line":19,"column":23},"end":{"line":19,"column":56}},"6":{"start":{"line":20,"column":24},"end":{"line":20,"column":44}},"7":{"start":{"line":21,"column":30},"end":{"line":21,"column":32}},"8":{"start":{"line":22,"column":21},"end":{"line":22,"column":35}},"9":{"start":{"line":23,"column":8},"end":{"line":25,"column":9}},"10":{"start":{"line":24,"column":10},"end":{"line":24,"column":38}},"11":{"start":{"line":26,"column":8},"end":{"line":26,"column":45}},"12":{"start":{"line":29,"column":6},"end":{"line":29,"column":40}},"13":{"start":{"line":30,"column":6},"end":{"line":30,"column":25}},"14":{"start":{"line":35,"column":34},"end":{"line":56,"column":1}},"15":{"start":{"line":38,"column":28},"end":{"line":38,"column":70}},"16":{"start":{"line":39,"column":4},"end":{"line":54,"column":5}},"17":{"start":{"line":40,"column":6},"end":{"line":40,"column":42}},"18":{"start":{"line":41,"column":6},"end":{"line":50,"column":7}},"19":{"start":{"line":42,"column":23},"end":{"line":42,"column":56}},"20":{"start":{"line":43,"column":24},"end":{"line":43,"column":44}},"21":{"start":{"line":44,"column":30},"end":{"line":44,"column":32}},"22":{"start":{"line":45,"column":21},"end":{"line":45,"column":35}},"23":{"start":{"line":46,"column":8},"end":{"line":48,"column":9}},"24":{"start":{"line":47,"column":10},"end":{"line":47,"column":40}},"25":{"start":{"line":49,"column":8},"end":{"line":49,"column":47}},"26":{"start":{"line":52,"column":6},"end":{"line":52,"column":42}},"27":{"start":{"line":53,"column":6},"end":{"line":53,"column":25}},"28":{"start":{"line":58,"column":33},"end":{"line":82,"column":1}},"29":{"start":{"line":61,"column":33},"end":{"line":61,"column":40}},"30":{"start":{"line":62,"column":4},"end":{"line":80,"column":5}},"31":{"start":{"line":63,"column":6},"end":{"line":63,"column":42}},"32":{"start":{"line":66,"column":10},"end":{"line":66,"column":42}},"33":{"start":{"line":67,"column":6},"end":{"line":76,"column":7}},"34":{"start":{"line":68,"column":23},"end":{"line":68,"column":56}},"35":{"start":{"line":69,"column":8},"end":{"line":75,"column":10}},"36":{"start":{"line":77,"column":6},"end":{"line":77,"column":46}},"37":{"start":{"line":79,"column":6},"end":{"line":79,"column":25}}},"fnMap":{"0":{"name":"(anonymous_0)","decl":{"start":{"line":14,"column":2},"end":{"line":14,"column":3}},"loc":{"start":{"line":14,"column":25},"end":{"line":32,"column":3}},"line":14},"1":{"name":"(anonymous_1)","decl":{"start":{"line":37,"column":2},"end":{"line":37,"column":3}},"loc":{"start":{"line":37,"column":25},"end":{"line":55,"column":3}},"line":37},"2":{"name":"(anonymous_2)","decl":{"start":{"line":60,"column":2},"end":{"line":60,"column":3}},"loc":{"start":{"line":60,"column":70},"end":{"line":81,"column":3}},"line":60}},"branchMap":{"0":{"loc":{"start":{"line":18,"column":6},"end":{"line":27,"column":7}},"type":"if","locations":[{"start":{"line":18,"column":6},"end":{"line":27,"column":7}},{"start":{},"end":{}}],"line":18},"1":{"loc":{"start":{"line":23,"column":8},"end":{"line":25,"column":9}},"type":"if","locations":[{"start":{"line":23,"column":8},"end":{"line":25,"column":9}},{"start":{},"end":{}}],"line":23},"2":{"loc":{"start":{"line":24,"column":18},"end":{"line":24,"column":37}},"type":"binary-expr","locations":[{"start":{"line":24,"column":18},"end":{"line":24,"column":31}},{"start":{"line":24,"column":35},"end":{"line":24,"column":37}}],"line":24},"3":{"loc":{"start":{"line":41,"column":6},"end":{"line":50,"column":7}},"type":"if","locations":[{"start":{"line":41,"column":6},"end":{"line":50,"column":7}},{"start":{},"end":{}}],"line":41},"4":{"loc":{"start":{"line":46,"column":8},"end":{"line":48,"column":9}},"type":"if","locations":[{"start":{"line":46,"column":8},"end":{"line":48,"column":9}},{"start":{},"end":{}}],"line":46},"5":{"loc":{"start":{"line":47,"column":18},"end":{"line":47,"column":39}},"type":"binary-expr","locations":[{"start":{"line":47,"column":18},"end":{"line":47,"column":33}},{"start":{"line":47,"column":37},"end":{"line":47,"column":39}}],"line":47},"6":{"loc":{"start":{"line":67,"column":6},"end":{"line":76,"column":7}},"type":"if","locations":[{"start":{"line":67,"column":6},"end":{"line":76,"column":7}},{"start":{},"end":{}}],"line":67},"7":{"loc":{"start":{"line":72,"column":23},"end":{"line":72,"column":72}},"type":"cond-expr","locations":[{"start":{"line":72,"column":36},"end":{"line":72,"column":53}},{"start":{"line":72,"column":56},"end":{"line":72,"column":72}}],"line":72}},"s":{"0":4,"1":0,"2":0,"3":0,"4":0,"5":0,"6":0,"7":0,"8":0,"9":0,"10":0,"11":0,"12":0,"13":0,"14":4,"15":0,"16":0,"17":0,"18":0,"19":0,"20":0,"21":0,"22":0,"23":0,"24":0,"25":0,"26":0,"27":0,"28":4,"29":0,"30":0,"31":0,"32":0,"33":0,"34":0,"35":0,"36":0,"37":0},"f":{"0":0,"1":0,"2":0},"b":{"0":[0,0],"1":[0,0],"2":[0,0],"3":[0,0],"4":[0,0],"5":[0,0],"6":[0,0],"7":[0,0]},"_coverageSchema":"1a1c01bbd47fc00a2c39e90264f33305004495a9","hash":"895142bc6639228d786787bca6f3e65bfff056c6"}
,"C:\\Projects\\NEW_IDEAS\\coodesh-dictionary\\src\\redux\\actions\\auth.ts": {"path":"C:\\Projects\\NEW_IDEAS\\coodesh-dictionary\\src\\redux\\actions\\auth.ts","statementMap":{"0":{"start":{"line":13,"column":30},"end":{"line":55,"column":1}},"1":{"start":{"line":16,"column":32},"end":{"line":16,"column":39}},"2":{"start":{"line":17,"column":4},"end":{"line":53,"column":5}},"3":{"start":{"line":18,"column":6},"end":{"line":18,"column":42}},"4":{"start":{"line":19,"column":6},"end":{"line":19,"column":45}},"5":{"start":{"line":20,"column":19},"end":{"line":20,"column":78}},"6":{"start":{"line":21,"column":6},"end":{"line":27,"column":8}},"7":{"start":{"line":28,"column":6},"end":{"line":33,"column":8}},"8":{"start":{"line":35,"column":26},"end":{"line":35,"column":28}},"9":{"start":{"line":36,"column":6},"end":{"line":42,"column":7}},"10":{"start":{"line":37,"column":8},"end":{"line":39,"column":32}},"11":{"start":{"line":38,"column":46},"end":{"line":38,"column":69}},"12":{"start":{"line":40,"column":13},"end":{"line":42,"column":7}},"13":{"start":{"line":41,"column":8},"end":{"line":41,"column":38}},"14":{"start":{"line":44,"column":6},"end":{"line":52,"column":8}},"15":{"start":{"line":57,"column":27},"end":{"line":86,"column":1}},"16":{"start":{"line":60,"column":32},"end":{"line":60,"column":39}},"17":{"start":{"line":61,"column":4},"end":{"line":84,"column":5}},"18":{"start":{"line":62,"column":6},"end":{"line":62,"column":42}},"19":{"start":{"line":63,"column":19},"end":{"line":63,"column":74}},"20":{"start":{"line":64,"column":6},"end":{"line":69,"column":8}},"21":{"start":{"line":72,"column":8},"end":{"line":73,"column":29}},"22":{"start":{"line":72,"column":44},"end":{"line":72,"column":67}},"23":{"start":{"line":75,"column":6},"end":{"line":83,"column":8}},"24":{"start":{"line":88,"column":28},"end":{"line":95,"column":1}},"25":{"start":{"line":91,"column":4},"end":{"line":91,"column":40}},"26":{"start":{"line":92,"column":4},"end":{"line":92,"column":24}},"27":{"start":{"line":93,"column":4},"end":{"line":93,"column":42}}},"fnMap":{"0":{"name":"(anonymous_0)","decl":{"start":{"line":15,"column":2},"end":{"line":15,"column":3}},"loc":{"start":{"line":15,"column":68},"end":{"line":54,"column":3}},"line":15},"1":{"name":"(anonymous_1)","decl":{"start":{"line":38,"column":37},"end":{"line":38,"column":38}},"loc":{"start":{"line":38,"column":46},"end":{"line":38,"column":69}},"line":38},"2":{"name":"(anonymous_2)","decl":{"start":{"line":59,"column":2},"end":{"line":59,"column":3}},"loc":{"start":{"line":59,"column":68},"end":{"line":85,"column":3}},"line":59},"3":{"name":"(anonymous_3)","decl":{"start":{"line":72,"column":35},"end":{"line":72,"column":36}},"loc":{"start":{"line":72,"column":44},"end":{"line":72,"column":67}},"line":72},"4":{"name":"(anonymous_4)","decl":{"start":{"line":90,"column":2},"end":{"line":90,"column":3}},"loc":{"start":{"line":90,"column":25},"end":{"line":94,"column":3}},"line":90}},"branchMap":{"0":{"loc":{"start":{"line":36,"column":6},"end":{"line":42,"column":7}},"type":"if","locations":[{"start":{"line":36,"column":6},"end":{"line":42,"column":7}},{"start":{"line":40,"column":13},"end":{"line":42,"column":7}}],"line":36},"1":{"loc":{"start":{"line":38,"column":10},"end":{"line":39,"column":31}},"type":"binary-expr","locations":[{"start":{"line":38,"column":10},"end":{"line":39,"column":25}},{"start":{"line":39,"column":29},"end":{"line":39,"column":31}}],"line":38},"2":{"loc":{"start":{"line":40,"column":13},"end":{"line":42,"column":7}},"type":"if","locations":[{"start":{"line":40,"column":13},"end":{"line":42,"column":7}},{"start":{},"end":{}}],"line":40},"3":{"loc":{"start":{"line":48,"column":12},"end":{"line":49,"column":63}},"type":"binary-expr","locations":[{"start":{"line":48,"column":12},"end":{"line":48,"column":25}},{"start":{"line":49,"column":12},"end":{"line":49,"column":63}}],"line":48},"4":{"loc":{"start":{"line":72,"column":8},"end":{"line":73,"column":29}},"type":"binary-expr","locations":[{"start":{"line":72,"column":8},"end":{"line":73,"column":23}},{"start":{"line":73,"column":27},"end":{"line":73,"column":29}}],"line":72},"5":{"loc":{"start":{"line":79,"column":12},"end":{"line":80,"column":63}},"type":"binary-expr","locations":[{"start":{"line":79,"column":12},"end":{"line":79,"column":25}},{"start":{"line":80,"column":12},"end":{"line":80,"column":63}}],"line":79}},"s":{"0":4,"1":0,"2":0,"3":0,"4":0,"5":0,"6":0,"7":0,"8":0,"9":0,"10":0,"11":0,"12":0,"13":0,"14":0,"15":4,"16":0,"17":0,"18":0,"19":0,"20":0,"21":0,"22":0,"23":0,"24":4,"25":0,"26":0,"27":0},"f":{"0":0,"1":0,"2":0,"3":0,"4":0},"b":{"0":[0,0],"1":[0,0],"2":[0,0],"3":[0,0],"4":[0,0],"5":[0,0]},"_coverageSchema":"1a1c01bbd47fc00a2c39e90264f33305004495a9","hash":"2276be8d0752a70495fd30b3527ae04396146f9b"}
,"C:\\Projects\\NEW_IDEAS\\coodesh-dictionary\\src\\redux\\actions\\words.ts": {"path":"C:\\Projects\\NEW_IDEAS\\coodesh-dictionary\\src\\redux\\actions\\words.ts","statementMap":{"0":{"start":{"line":12,"column":24},"end":{"line":36,"column":1}},"1":{"start":{"line":15,"column":4},"end":{"line":34,"column":5}},"2":{"start":{"line":16,"column":6},"end":{"line":16,"column":42}},"3":{"start":{"line":17,"column":30},"end":{"line":17,"column":37}},"4":{"start":{"line":19,"column":22},"end":{"line":19,"column":59}},"5":{"start":{"line":20,"column":22},"end":{"line":20,"column":51}},"6":{"start":{"line":22,"column":21},"end":{"line":22,"column":48}},"7":{"start":{"line":23,"column":6},"end":{"line":23,"column":39}},"8":{"start":{"line":25,"column":30},"end":{"line":25,"column":76}},"9":{"start":{"line":26,"column":23},"end":{"line":29,"column":7}},"10":{"start":{"line":30,"column":30},"end":{"line":30,"column":76}},"11":{"start":{"line":31,"column":6},"end":{"line":31,"column":51}},"12":{"start":{"line":33,"column":6},"end":{"line":33,"column":25}},"13":{"start":{"line":38,"column":30},"end":{"line":81,"column":1}},"14":{"start":{"line":41,"column":4},"end":{"line":79,"column":5}},"15":{"start":{"line":44,"column":10},"end":{"line":44,"column":42}},"16":{"start":{"line":45,"column":6},"end":{"line":45,"column":42}},"17":{"start":{"line":46,"column":23},"end":{"line":46,"column":30}},"18":{"start":{"line":48,"column":71},"end":{"line":48,"column":73}},"19":{"start":{"line":49,"column":50},"end":{"line":49,"column":52}},"20":{"start":{"line":51,"column":26},"end":{"line":51,"column":53}},"21":{"start":{"line":52,"column":6},"end":{"line":54,"column":7}},"22":{"start":{"line":53,"column":8},"end":{"line":53,"column":32}},"23":{"start":{"line":55,"column":29},"end":{"line":55,"column":69}},"24":{"start":{"line":55,"column":52},"end":{"line":55,"column":68}},"25":{"start":{"line":56,"column":6},"end":{"line":74,"column":7}},"26":{"start":{"line":57,"column":8},"end":{"line":57,"column":51}},"27":{"start":{"line":59,"column":8},"end":{"line":59,"column":70}},"28":{"start":{"line":60,"column":8},"end":{"line":63,"column":11}},"29":{"start":{"line":64,"column":8},"end":{"line":73,"column":9}},"30":{"start":{"line":65,"column":25},"end":{"line":65,"column":58}},"31":{"start":{"line":66,"column":10},"end":{"line":72,"column":12}},"32":{"start":{"line":76,"column":6},"end":{"line":76,"column":59}},"33":{"start":{"line":78,"column":6},"end":{"line":78,"column":25}}},"fnMap":{"0":{"name":"(anonymous_0)","decl":{"start":{"line":14,"column":2},"end":{"line":14,"column":3}},"loc":{"start":{"line":14,"column":56},"end":{"line":35,"column":3}},"line":14},"1":{"name":"(anonymous_1)","decl":{"start":{"line":40,"column":2},"end":{"line":40,"column":3}},"loc":{"start":{"line":40,"column":49},"end":{"line":80,"column":3}},"line":40},"2":{"name":"(anonymous_2)","decl":{"start":{"line":55,"column":44},"end":{"line":55,"column":45}},"loc":{"start":{"line":55,"column":52},"end":{"line":55,"column":68}},"line":55}},"branchMap":{"0":{"loc":{"start":{"line":52,"column":6},"end":{"line":54,"column":7}},"type":"if","locations":[{"start":{"line":52,"column":6},"end":{"line":54,"column":7}},{"start":{},"end":{}}],"line":52},"1":{"loc":{"start":{"line":56,"column":6},"end":{"line":74,"column":7}},"type":"if","locations":[{"start":{"line":56,"column":6},"end":{"line":74,"column":7}},{"start":{"line":58,"column":13},"end":{"line":74,"column":7}}],"line":56},"2":{"loc":{"start":{"line":64,"column":8},"end":{"line":73,"column":9}},"type":"if","locations":[{"start":{"line":64,"column":8},"end":{"line":73,"column":9}},{"start":{},"end":{}}],"line":64}},"s":{"0":4,"1":0,"2":0,"3":0,"4":0,"5":0,"6":0,"7":0,"8":0,"9":0,"10":0,"11":0,"12":0,"13":4,"14":0,"15":0,"16":0,"17":0,"18":0,"19":0,"20":0,"21":0,"22":0,"23":0,"24":0,"25":0,"26":0,"27":0,"28":0,"29":0,"30":0,"31":0,"32":0,"33":0},"f":{"0":0,"1":0,"2":0},"b":{"0":[0,0],"1":[0,0],"2":[0,0]},"_coverageSchema":"1a1c01bbd47fc00a2c39e90264f33305004495a9","hash":"95b76bd4dd843e052df369198224c8f32700e14b"}
,"C:\\Projects\\NEW_IDEAS\\coodesh-dictionary\\src\\redux\\slices\\accountSlice.ts": {"path":"C:\\Projects\\NEW_IDEAS\\coodesh-dictionary\\src\\redux\\slices\\accountSlice.ts","statementMap":{"0":{"start":{"line":6,"column":35},"end":{"line":10,"column":1}},"1":{"start":{"line":12,"column":28},"end":{"line":26,"column":2}},"2":{"start":{"line":17,"column":6},"end":{"line":17,"column":41}},"3":{"start":{"line":20,"column":6},"end":{"line":20,"column":39}},"4":{"start":{"line":23,"column":6},"end":{"line":23,"column":37}},"5":{"start":{"line":28,"column":53},"end":{"line":28,"column":73}},"6":{"start":{"line":30,"column":31},"end":{"line":30,"column":66}},"7":{"start":{"line":30,"column":53},"end":{"line":30,"column":66}}},"fnMap":{"0":{"name":"(anonymous_0)","decl":{"start":{"line":16,"column":13},"end":{"line":16,"column":14}},"loc":{"start":{"line":16,"column":70},"end":{"line":18,"column":5}},"line":16},"1":{"name":"(anonymous_1)","decl":{"start":{"line":19,"column":18},"end":{"line":19,"column":19}},"loc":{"start":{"line":19,"column":62},"end":{"line":21,"column":5}},"line":19},"2":{"name":"(anonymous_2)","decl":{"start":{"line":22,"column":16},"end":{"line":22,"column":17}},"loc":{"start":{"line":22,"column":60},"end":{"line":24,"column":5}},"line":22},"3":{"name":"(anonymous_3)","decl":{"start":{"line":30,"column":31},"end":{"line":30,"column":32}},"loc":{"start":{"line":30,"column":53},"end":{"line":30,"column":66}},"line":30}},"branchMap":{},"s":{"0":4,"1":4,"2":0,"3":0,"4":0,"5":4,"6":4,"7":0},"f":{"0":0,"1":0,"2":0,"3":0},"b":{},"_coverageSchema":"1a1c01bbd47fc00a2c39e90264f33305004495a9","hash":"e0414bca29bc702911058f080b91483475fb3856"}
,"C:\\Projects\\NEW_IDEAS\\coodesh-dictionary\\src\\redux\\slices\\appSlice.ts": {"path":"C:\\Projects\\NEW_IDEAS\\coodesh-dictionary\\src\\redux\\slices\\appSlice.ts","statementMap":{"0":{"start":{"line":6,"column":31},"end":{"line":11,"column":1}},"1":{"start":{"line":13,"column":24},"end":{"line":46,"column":2}},"2":{"start":{"line":18,"column":6},"end":{"line":18,"column":39}},"3":{"start":{"line":21,"column":40},"end":{"line":21,"column":54}},"4":{"start":{"line":22,"column":6},"end":{"line":22,"column":30}},"5":{"start":{"line":23,"column":6},"end":{"line":23,"column":39}},"6":{"start":{"line":24,"column":6},"end":{"line":24,"column":29}},"7":{"start":{"line":25,"column":6},"end":{"line":25,"column":29}},"8":{"start":{"line":29,"column":4},"end":{"line":44,"column":9}},"9":{"start":{"line":31,"column":8},"end":{"line":31,"column":32}},"10":{"start":{"line":34,"column":8},"end":{"line":34,"column":32}},"11":{"start":{"line":37,"column":8},"end":{"line":37,"column":32}},"12":{"start":{"line":40,"column":8},"end":{"line":40,"column":32}},"13":{"start":{"line":43,"column":8},"end":{"line":43,"column":32}},"14":{"start":{"line":48,"column":40},"end":{"line":48,"column":56}},"15":{"start":{"line":50,"column":27},"end":{"line":50,"column":58}},"16":{"start":{"line":50,"column":49},"end":{"line":50,"column":58}}},"fnMap":{"0":{"name":"(anonymous_0)","decl":{"start":{"line":17,"column":16},"end":{"line":17,"column":17}},"loc":{"start":{"line":17,"column":59},"end":{"line":19,"column":5}},"line":17},"1":{"name":"(anonymous_1)","decl":{"start":{"line":20,"column":14},"end":{"line":20,"column":15}},"loc":{"start":{"line":20,"column":60},"end":{"line":26,"column":5}},"line":20},"2":{"name":"(anonymous_2)","decl":{"start":{"line":28,"column":17},"end":{"line":28,"column":18}},"loc":{"start":{"line":28,"column":30},"end":{"line":45,"column":3}},"line":28},"3":{"name":"(anonymous_3)","decl":{"start":{"line":30,"column":34},"end":{"line":30,"column":35}},"loc":{"start":{"line":30,"column":45},"end":{"line":32,"column":7}},"line":30},"4":{"name":"(anonymous_4)","decl":{"start":{"line":33,"column":33},"end":{"line":33,"column":34}},"loc":{"start":{"line":33,"column":44},"end":{"line":35,"column":7}},"line":33},"5":{"name":"(anonymous_5)","decl":{"start":{"line":36,"column":39},"end":{"line":36,"column":40}},"loc":{"start":{"line":36,"column":50},"end":{"line":38,"column":7}},"line":36},"6":{"name":"(anonymous_6)","decl":{"start":{"line":39,"column":37},"end":{"line":39,"column":38}},"loc":{"start":{"line":39,"column":48},"end":{"line":41,"column":7}},"line":39},"7":{"name":"(anonymous_7)","decl":{"start":{"line":42,"column":39},"end":{"line":42,"column":40}},"loc":{"start":{"line":42,"column":50},"end":{"line":44,"column":7}},"line":42},"8":{"name":"(anonymous_8)","decl":{"start":{"line":50,"column":27},"end":{"line":50,"column":28}},"loc":{"start":{"line":50,"column":49},"end":{"line":50,"column":58}},"line":50}},"branchMap":{},"s":{"0":4,"1":4,"2":0,"3":0,"4":0,"5":0,"6":0,"7":0,"8":4,"9":0,"10":0,"11":0,"12":0,"13":0,"14":4,"15":4,"16":0},"f":{"0":0,"1":0,"2":4,"3":0,"4":0,"5":0,"6":0,"7":0,"8":0},"b":{},"_coverageSchema":"1a1c01bbd47fc00a2c39e90264f33305004495a9","hash":"b4eced61d1d868dbd54cf3f101325076f29d12f7"}
,"C:\\Projects\\NEW_IDEAS\\coodesh-dictionary\\src\\redux\\slices\\wordsSlice.ts": {"path":"C:\\Projects\\NEW_IDEAS\\coodesh-dictionary\\src\\redux\\slices\\wordsSlice.ts","statementMap":{"0":{"start":{"line":6,"column":33},"end":{"line":10,"column":1}},"1":{"start":{"line":12,"column":26},"end":{"line":29,"column":2}},"2":{"start":{"line":17,"column":6},"end":{"line":17,"column":41}},"3":{"start":{"line":20,"column":6},"end":{"line":20,"column":35}},"4":{"start":{"line":26,"column":6},"end":{"line":26,"column":41}},"5":{"start":{"line":31,"column":60},"end":{"line":31,"column":78}},"6":{"start":{"line":33,"column":29},"end":{"line":33,"column":62}},"7":{"start":{"line":33,"column":51},"end":{"line":33,"column":62}}},"fnMap":{"0":{"name":"(anonymous_0)","decl":{"start":{"line":16,"column":20},"end":{"line":16,"column":21}},"loc":{"start":{"line":16,"column":62},"end":{"line":18,"column":5}},"line":16},"1":{"name":"(anonymous_1)","decl":{"start":{"line":19,"column":14},"end":{"line":19,"column":15}},"loc":{"start":{"line":19,"column":58},"end":{"line":21,"column":5}},"line":19},"2":{"name":"(anonymous_2)","decl":{"start":{"line":22,"column":20},"end":{"line":22,"column":21}},"loc":{"start":{"line":25,"column":9},"end":{"line":27,"column":5}},"line":25},"3":{"name":"(anonymous_3)","decl":{"start":{"line":33,"column":29},"end":{"line":33,"column":30}},"loc":{"start":{"line":33,"column":51},"end":{"line":33,"column":62}},"line":33}},"branchMap":{},"s":{"0":4,"1":4,"2":0,"3":0,"4":0,"5":4,"6":4,"7":0},"f":{"0":0,"1":0,"2":0,"3":0},"b":{},"_coverageSchema":"1a1c01bbd47fc00a2c39e90264f33305004495a9","hash":"0c0f3b809a2fe0ca9a22890a82c374450ceb6bee"}
,"C:\\Projects\\NEW_IDEAS\\coodesh-dictionary\\src\\types\\components.ts": {"path":"C:\\Projects\\NEW_IDEAS\\coodesh-dictionary\\src\\types\\components.ts","statementMap":{},"fnMap":{},"branchMap":{},"s":{},"f":{},"b":{},"_coverageSchema":"1a1c01bbd47fc00a2c39e90264f33305004495a9","hash":"50a08eb8682668f79c5918704dd133017dfd5a13"}
,"C:\\Projects\\NEW_IDEAS\\coodesh-dictionary\\src\\types\\index.ts": {"path":"C:\\Projects\\NEW_IDEAS\\coodesh-dictionary\\src\\types\\index.ts","statementMap":{},"fnMap":{},"branchMap":{},"s":{},"f":{},"b":{},"_coverageSchema":"1a1c01bbd47fc00a2c39e90264f33305004495a9","hash":"14a5572561ca6610120763e1eebd7d4f8060d7b2"}
,"C:\\Projects\\NEW_IDEAS\\coodesh-dictionary\\src\\types\\navigators.ts": {"path":"C:\\Projects\\NEW_IDEAS\\coodesh-dictionary\\src\\types\\navigators.ts","statementMap":{},"fnMap":{},"branchMap":{},"s":{},"f":{},"b":{},"_coverageSchema":"1a1c01bbd47fc00a2c39e90264f33305004495a9","hash":"b593c374c0ebf99115f9b7a46b5d56332b5a8f60"}
,"C:\\Projects\\NEW_IDEAS\\coodesh-dictionary\\src\\types\\schemas.ts": {"path":"C:\\Projects\\NEW_IDEAS\\coodesh-dictionary\\src\\types\\schemas.ts","statementMap":{"0":{"start":{"line":3,"column":30},"end":{"line":13,"column":2}}},"fnMap":{},"branchMap":{},"s":{"0":4},"f":{},"b":{},"_coverageSchema":"1a1c01bbd47fc00a2c39e90264f33305004495a9","hash":"3dd1f927e8381a155126e6c41e6af2c484a25418"}
,"C:\\Projects\\NEW_IDEAS\\coodesh-dictionary\\src\\types\\store.ts": {"path":"C:\\Projects\\NEW_IDEAS\\coodesh-dictionary\\src\\types\\store.ts","statementMap":{},"fnMap":{},"branchMap":{},"s":{},"f":{},"b":{},"_coverageSchema":"1a1c01bbd47fc00a2c39e90264f33305004495a9","hash":"7c4c3e0d3c10e968147eb7abc2a03949621b3848"}
,"C:\\Projects\\NEW_IDEAS\\coodesh-dictionary\\src\\utils\\storage.ts": {"path":"C:\\Projects\\NEW_IDEAS\\coodesh-dictionary\\src\\utils\\storage.ts","statementMap":{"0":{"start":{"line":5,"column":26},"end":{"line":8,"column":1}},"1":{"start":{"line":6,"column":15},"end":{"line":6,"column":24}},"2":{"start":{"line":7,"column":2},"end":{"line":7,"column":56}},"3":{"start":{"line":10,"column":24},"end":{"line":18,"column":1}},"4":{"start":{"line":11,"column":16},"end":{"line":11,"column":47}},"5":{"start":{"line":12,"column":2},"end":{"line":16,"column":3}},"6":{"start":{"line":13,"column":17},"end":{"line":13,"column":34}},"7":{"start":{"line":14,"column":4},"end":{"line":14,"column":27}},"8":{"start":{"line":14,"column":15},"end":{"line":14,"column":27}},"9":{"start":{"line":15,"column":4},"end":{"line":15,"column":22}},"10":{"start":{"line":17,"column":2},"end":{"line":17,"column":19}},"11":{"start":{"line":20,"column":27},"end":{"line":22,"column":1}},"12":{"start":{"line":21,"column":2},"end":{"line":21,"column":37}}},"fnMap":{"0":{"name":"(anonymous_0)","decl":{"start":{"line":5,"column":26},"end":{"line":5,"column":27}},"loc":{"start":{"line":5,"column":65},"end":{"line":8,"column":1}},"line":5},"1":{"name":"(anonymous_1)","decl":{"start":{"line":10,"column":24},"end":{"line":10,"column":25}},"loc":{"start":{"line":10,"column":51},"end":{"line":18,"column":1}},"line":10},"2":{"name":"(anonymous_2)","decl":{"start":{"line":20,"column":27},"end":{"line":20,"column":28}},"loc":{"start":{"line":20,"column":54},"end":{"line":22,"column":1}},"line":20}},"branchMap":{"0":{"loc":{"start":{"line":12,"column":2},"end":{"line":16,"column":3}},"type":"if","locations":[{"start":{"line":12,"column":2},"end":{"line":16,"column":3}},{"start":{},"end":{}}],"line":12},"1":{"loc":{"start":{"line":14,"column":4},"end":{"line":14,"column":27}},"type":"if","locations":[{"start":{"line":14,"column":4},"end":{"line":14,"column":27}},{"start":{},"end":{}}],"line":14}},"s":{"0":4,"1":0,"2":0,"3":4,"4":0,"5":0,"6":0,"7":0,"8":0,"9":0,"10":0,"11":4,"12":0},"f":{"0":0,"1":0,"2":0},"b":{"0":[0,0],"1":[0,0]},"_coverageSchema":"1a1c01bbd47fc00a2c39e90264f33305004495a9","hash":"6e54b107429609e0c2d74e048d9486766d482430"}
}
