TN:
SF:src\components\index.ts
FNF:0
FNH:0
LF:0
LH:0
BRF:0
BRH:0
end_of_record
TN:
SF:src\components\auth\LogoHeader.tsx
FN:6,LogoHeader
FNF:1
FNH:1
FNDA:3,LogoHeader
DA:7,3
LF:1
LH:1
BRF:0
BRH:0
end_of_record
TN:
SF:src\components\auth\Modal.tsx
FN:9,Modal
FN:11,(anonymous_1)
FNF:2
FNH:1
FNDA:4,Modal
FNDA:0,(anonymous_1)
DA:10,4
DA:11,4
DA:12,0
DA:20,4
LF:4
LH:3
BRDA:25,0,0,1
BRDA:25,0,1,3
BRDA:28,1,0,3
BRDA:28,1,1,1
BRDA:33,2,0,3
BRDA:33,2,1,1
BRDA:43,3,0,3
BRDA:43,3,1,1
BRDA:47,4,0,3
BRDA:47,4,1,1
BRF:10
BRH:10
end_of_record
TN:
SF:src\components\basic\Button.tsx
FN:5,Button
FNF:1
FNH:1
FNDA:8,Button
DA:11,8
LF:1
LH:1
BRDA:37,0,0,0
BRDA:37,0,1,8
BRDA:40,1,0,0
BRDA:40,1,1,8
BRF:4
BRH:2
end_of_record
TN:
SF:src\components\basic\Input.tsx
FN:4,Input
FNF:1
FNH:0
FNDA:0,Input
DA:5,0
LF:1
LH:0
BRF:0
BRH:0
end_of_record
TN:
SF:src\components\basic\Text.tsx
FN:5,Text
FNF:1
FNH:1
FNDA:31,Text
DA:6,31
LF:1
LH:1
BRDA:14,0,0,19
BRDA:14,0,1,12
BRDA:16,1,0,0
BRDA:16,1,1,12
BRF:4
BRH:3
end_of_record
TN:
SF:src\components\common\Loading.tsx
FN:4,Loading
FNF:1
FNH:1
FNDA:2,Loading
DA:5,2
DA:6,2
LF:2
LH:2
BRF:0
BRH:0
end_of_record
TN:
SF:src\components\common\LoadingMini.tsx
FN:4,LoadingMini
FNF:1
FNH:0
FNDA:0,LoadingMini
DA:5,0
DA:6,0
LF:2
LH:0
BRF:0
BRH:0
end_of_record
TN:
SF:src\components\common\NoContent.tsx
FN:6,NoContent
FNF:1
FNH:0
FNDA:0,NoContent
DA:7,0
LF:1
LH:0
BRF:0
BRH:0
end_of_record
TN:
SF:src\components\common\PageHeader.tsx
FN:8,PageHeader
FN:9,(anonymous_1)
FN:11,(anonymous_2)
FNF:3
FNH:0
FNDA:0,PageHeader
FNDA:0,(anonymous_1)
FNDA:0,(anonymous_2)
DA:9,0
DA:10,0
DA:11,0
DA:12,0
DA:14,0
LF:5
LH:0
BRF:0
BRH:0
end_of_record
TN:
SF:src\components\common\WordFlatList.tsx
FN:9,WordFlatList
FN:13,(anonymous_1)
FN:27,(anonymous_2)
FN:32,(anonymous_3)
FN:40,(anonymous_4)
FNF:5
FNH:0
FNDA:0,WordFlatList
FNDA:0,(anonymous_1)
FNDA:0,(anonymous_2)
FNDA:0,(anonymous_3)
FNDA:0,(anonymous_4)
DA:10,0
DA:11,0
DA:13,0
DA:14,0
DA:17,0
DA:28,0
DA:29,0
DA:33,0
DA:40,0
LF:9
LH:0
BRDA:28,0,0,0
BRDA:28,0,1,0
BRDA:33,1,0,0
BRDA:33,1,1,0
BRDA:34,2,0,0
BRDA:34,2,1,0
BRF:6
BRH:0
end_of_record
TN:
SF:src\components\details\AudioPlayer.tsx
FN:7,AudioPlayer
FN:8,(anonymous_1)
FNF:2
FNH:0
FNDA:0,AudioPlayer
FNDA:0,(anonymous_1)
DA:8,0
DA:9,0
DA:10,0
DA:11,0
DA:13,0
DA:18,0
LF:6
LH:0
BRDA:9,0,0,0
BRDA:9,0,1,0
BRF:2
BRH:0
end_of_record
TN:
SF:src\components\details\DetailsHeader.tsx
FN:9,DetailsHeader
FN:14,(anonymous_1)
FN:18,(anonymous_2)
FN:81,(anonymous_3)
FNF:4
FNH:0
FNDA:0,DetailsHeader
FNDA:0,(anonymous_1)
FNDA:0,(anonymous_2)
FNDA:0,(anonymous_3)
DA:10,0
DA:11,0
DA:12,0
DA:14,0
DA:15,0
DA:18,0
DA:22,0
DA:81,0
LF:8
LH:0
BRDA:81,0,0,0
BRDA:81,0,1,0
BRF:2
BRH:0
end_of_record
TN:
SF:src\components\details\ExamplesCard.tsx
FN:5,ExamplesCard
FN:11,(anonymous_1)
FNF:2
FNH:0
FNDA:0,ExamplesCard
FNDA:0,(anonymous_1)
DA:6,0
DA:12,0
LF:2
LH:0
BRF:0
BRH:0
end_of_record
TN:
SF:src\components\details\MeaningCard.tsx
FN:6,MeaningCard
FN:8,(anonymous_1)
FN:8,(anonymous_2)
FN:10,(anonymous_3)
FN:17,(anonymous_4)
FN:22,(anonymous_5)
FNF:6
FNH:0
FNDA:0,MeaningCard
FNDA:0,(anonymous_1)
FNDA:0,(anonymous_2)
FNDA:0,(anonymous_3)
FNDA:0,(anonymous_4)
FNDA:0,(anonymous_5)
DA:7,0
DA:8,0
DA:10,0
DA:12,0
DA:18,0
DA:23,0
LF:6
LH:0
BRDA:27,0,0,0
BRDA:27,0,1,0
BRF:2
BRH:0
end_of_record
TN:
SF:src\components\details\WordAndPhoneticCard.tsx
FN:6,WordAndPhoneticCard
FN:34,(anonymous_1)
FN:46,(anonymous_2)
FN:51,(anonymous_3)
FNF:4
FNH:0
FNDA:0,WordAndPhoneticCard
FNDA:0,(anonymous_1)
FNDA:0,(anonymous_2)
FNDA:0,(anonymous_3)
DA:11,0
DA:35,0
DA:46,0
DA:51,0
LF:4
LH:0
BRDA:28,0,0,0
BRDA:28,0,1,0
BRDA:28,1,0,0
BRDA:28,1,1,0
BRDA:33,2,0,0
BRDA:33,2,1,0
BRDA:43,3,0,0
BRDA:43,3,1,0
BRDA:46,4,0,0
BRDA:46,4,1,0
BRDA:46,5,0,0
BRDA:46,5,1,0
BRDA:51,6,0,0
BRDA:51,6,1,0
BRDA:51,7,0,0
BRDA:51,7,1,0
BRDA:56,8,0,0
BRDA:56,8,1,0
BRDA:56,8,2,0
BRF:19
BRH:0
end_of_record
TN:
SF:src\config\Provider.tsx
FN:5,Provider
FNF:1
FNH:1
FNDA:14,Provider
DA:10,14
DA:15,14
LF:2
LH:2
BRF:0
BRH:0
end_of_record
TN:
SF:src\config\axios.ts
FN:6,(anonymous_0)
FNF:1
FNH:0
FNDA:0,(anonymous_0)
DA:4,4
DA:6,4
DA:7,0
DA:8,0
DA:13,0
DA:15,0
DA:16,0
LF:7
LH:2
BRF:0
BRH:0
end_of_record
TN:
SF:src\config\firebase.ts
FNF:0
FNH:0
DA:11,4
DA:22,4
DA:23,4
DA:24,4
DA:28,0
DA:29,0
DA:32,4
DA:33,4
LF:8
LH:6
BRDA:22,0,0,4
BRDA:22,0,1,0
BRF:2
BRH:1
end_of_record
TN:
SF:src\config\theme.ts
FNF:0
FNH:0
DA:4,4
DA:22,4
LF:2
LH:2
BRF:0
BRH:0
end_of_record
TN:
SF:src\hooks\index.ts
FN:4,(anonymous_0)
FNF:1
FNH:0
FNDA:0,(anonymous_0)
DA:4,4
LF:1
LH:1
BRF:0
BRH:0
end_of_record
TN:
SF:src\hooks\redux.ts
FNF:0
FNH:0
DA:5,4
DA:6,4
LF:2
LH:2
BRF:0
BRH:0
end_of_record
TN:
SF:src\redux\index.ts
FNF:0
FNH:0
DA:6,4
LF:1
LH:1
BRF:0
BRH:0
end_of_record
TN:
SF:src\redux\actions\account.ts
FN:14,(anonymous_0)
FN:37,(anonymous_1)
FN:60,(anonymous_2)
FNF:3
FNH:0
FNDA:0,(anonymous_0)
FNDA:0,(anonymous_1)
FNDA:0,(anonymous_2)
DA:12,4
DA:15,0
DA:16,0
DA:17,0
DA:18,0
DA:19,0
DA:20,0
DA:21,0
DA:22,0
DA:23,0
DA:24,0
DA:26,0
DA:29,0
DA:30,0
DA:35,4
DA:38,0
DA:39,0
DA:40,0
DA:41,0
DA:42,0
DA:43,0
DA:44,0
DA:45,0
DA:46,0
DA:47,0
DA:49,0
DA:52,0
DA:53,0
DA:58,4
DA:61,0
DA:62,0
DA:63,0
DA:66,0
DA:67,0
DA:68,0
DA:69,0
DA:77,0
DA:79,0
LF:38
LH:3
BRDA:18,0,0,0
BRDA:18,0,1,0
BRDA:23,1,0,0
BRDA:23,1,1,0
BRDA:24,2,0,0
BRDA:24,2,1,0
BRDA:41,3,0,0
BRDA:41,3,1,0
BRDA:46,4,0,0
BRDA:46,4,1,0
BRDA:47,5,0,0
BRDA:47,5,1,0
BRDA:67,6,0,0
BRDA:67,6,1,0
BRDA:72,7,0,0
BRDA:72,7,1,0
BRF:16
BRH:0
end_of_record
TN:
SF:src\redux\actions\auth.ts
FN:15,(anonymous_0)
FN:38,(anonymous_1)
FN:59,(anonymous_2)
FN:72,(anonymous_3)
FN:90,(anonymous_4)
FNF:5
FNH:0
FNDA:0,(anonymous_0)
FNDA:0,(anonymous_1)
FNDA:0,(anonymous_2)
FNDA:0,(anonymous_3)
FNDA:0,(anonymous_4)
DA:13,4
DA:16,0
DA:17,0
DA:18,0
DA:19,0
DA:20,0
DA:21,0
DA:28,0
DA:35,0
DA:36,0
DA:37,0
DA:38,0
DA:40,0
DA:41,0
DA:44,0
DA:57,4
DA:60,0
DA:61,0
DA:62,0
DA:63,0
DA:64,0
DA:72,0
DA:75,0
DA:88,4
DA:91,0
DA:92,0
DA:93,0
LF:27
LH:3
BRDA:36,0,0,0
BRDA:36,0,1,0
BRDA:38,1,0,0
BRDA:38,1,1,0
BRDA:40,2,0,0
BRDA:40,2,1,0
BRDA:48,3,0,0
BRDA:48,3,1,0
BRDA:72,4,0,0
BRDA:72,4,1,0
BRDA:79,5,0,0
BRDA:79,5,1,0
BRF:12
BRH:0
end_of_record
TN:
SF:src\redux\actions\words.ts
FN:14,(anonymous_0)
FN:40,(anonymous_1)
FN:55,(anonymous_2)
FNF:3
FNH:0
FNDA:0,(anonymous_0)
FNDA:0,(anonymous_1)
FNDA:0,(anonymous_2)
DA:12,4
DA:15,0
DA:16,0
DA:17,0
DA:19,0
DA:20,0
DA:22,0
DA:23,0
DA:25,0
DA:26,0
DA:30,0
DA:31,0
DA:33,0
DA:38,4
DA:41,0
DA:44,0
DA:45,0
DA:46,0
DA:48,0
DA:49,0
DA:51,0
DA:52,0
DA:53,0
DA:55,0
DA:56,0
DA:57,0
DA:59,0
DA:60,0
DA:64,0
DA:65,0
DA:66,0
DA:76,0
DA:78,0
LF:33
LH:2
BRDA:52,0,0,0
BRDA:52,0,1,0
BRDA:56,1,0,0
BRDA:56,1,1,0
BRDA:64,2,0,0
BRDA:64,2,1,0
BRF:6
BRH:0
end_of_record
TN:
SF:src\redux\slices\accountSlice.ts
FN:16,(anonymous_0)
FN:19,(anonymous_1)
FN:22,(anonymous_2)
FN:30,(anonymous_3)
FNF:4
FNH:0
FNDA:0,(anonymous_0)
FNDA:0,(anonymous_1)
FNDA:0,(anonymous_2)
FNDA:0,(anonymous_3)
DA:6,4
DA:12,4
DA:17,0
DA:20,0
DA:23,0
DA:28,4
DA:30,4
LF:7
LH:4
BRF:0
BRH:0
end_of_record
TN:
SF:src\redux\slices\appSlice.ts
FN:17,(anonymous_0)
FN:20,(anonymous_1)
FN:28,(anonymous_2)
FN:30,(anonymous_3)
FN:33,(anonymous_4)
FN:36,(anonymous_5)
FN:39,(anonymous_6)
FN:42,(anonymous_7)
FN:50,(anonymous_8)
FNF:9
FNH:1
FNDA:0,(anonymous_0)
FNDA:0,(anonymous_1)
FNDA:4,(anonymous_2)
FNDA:0,(anonymous_3)
FNDA:0,(anonymous_4)
FNDA:0,(anonymous_5)
FNDA:0,(anonymous_6)
FNDA:0,(anonymous_7)
FNDA:0,(anonymous_8)
DA:6,4
DA:13,4
DA:18,0
DA:21,0
DA:22,0
DA:23,0
DA:24,0
DA:25,0
DA:29,4
DA:31,0
DA:34,0
DA:37,0
DA:40,0
DA:43,0
DA:48,4
DA:50,4
LF:16
LH:5
BRF:0
BRH:0
end_of_record
TN:
SF:src\redux\slices\wordsSlice.ts
FN:16,(anonymous_0)
FN:19,(anonymous_1)
FN:22,(anonymous_2)
FN:33,(anonymous_3)
FNF:4
FNH:0
FNDA:0,(anonymous_0)
FNDA:0,(anonymous_1)
FNDA:0,(anonymous_2)
FNDA:0,(anonymous_3)
DA:6,4
DA:12,4
DA:17,0
DA:20,0
DA:26,0
DA:31,4
DA:33,4
LF:7
LH:4
BRF:0
BRH:0
end_of_record
TN:
SF:src\types\components.ts
FNF:0
FNH:0
LF:0
LH:0
BRF:0
BRH:0
end_of_record
TN:
SF:src\types\index.ts
FNF:0
FNH:0
LF:0
LH:0
BRF:0
BRH:0
end_of_record
TN:
SF:src\types\navigators.ts
FNF:0
FNH:0
LF:0
LH:0
BRF:0
BRH:0
end_of_record
TN:
SF:src\types\schemas.ts
FNF:0
FNH:0
DA:3,4
LF:1
LH:1
BRF:0
BRH:0
end_of_record
TN:
SF:src\types\store.ts
FNF:0
FNH:0
LF:0
LH:0
BRF:0
BRH:0
end_of_record
TN:
SF:src\utils\storage.ts
FN:5,(anonymous_0)
FN:10,(anonymous_1)
FN:20,(anonymous_2)
FNF:3
FNH:0
FNDA:0,(anonymous_0)
FNDA:0,(anonymous_1)
FNDA:0,(anonymous_2)
DA:5,4
DA:6,0
DA:7,0
DA:10,4
DA:11,0
DA:12,0
DA:13,0
DA:14,0
DA:15,0
DA:17,0
DA:20,4
DA:21,0
LF:12
LH:3
BRDA:12,0,0,0
BRDA:12,0,1,0
BRDA:14,1,0,0
BRDA:14,1,1,0
BRF:4
BRH:0
end_of_record
